TN:
SF:script/CreateMarkets.s.sol
FN:51,CreateMarketsScript.run
FNDA:0,CreateMarketsScript.run
DA:52,0
DA:53,0
DA:54,0
DA:55,0
DA:57,0
DA:59,0
DA:60,0
DA:61,0
DA:62,0
DA:64,0
DA:66,0
DA:67,0
DA:68,0
DA:69,0
DA:71,0
DA:73,0
DA:74,0
DA:75,0
DA:76,0
DA:78,0
FNF:1
FNH:0
LF:20
LH:0
BRF:0
BRH:0
end_of_record
TN:
SF:script/Deploy.s.sol
FN:21,DeployScript.run
FNDA:0,DeployScript.run
DA:22,0
DA:23,0
DA:24,0
DA:26,0
DA:27,0
DA:28,0
DA:30,0
DA:34,0
DA:36,0
DA:37,0
DA:38,0
DA:39,0
DA:40,0
DA:42,0
DA:43,0
DA:44,0
DA:45,0
DA:46,0
DA:48,0
DA:50,0
DA:51,0
DA:52,0
DA:53,0
DA:61,0
DA:62,0
BRDA:62,0,0,-
BRDA:62,0,1,-
FNF:1
FNH:0
LF:25
LH:0
BRF:2
BRH:0
end_of_record
TN:
SF:src/Borrower.sol
FN:140,Borrower.owner
FNDA:1,Borrower.owner
DA:141,28708
FN:155,Borrower.warn
FNDA:12291,Borrower.warn
DA:156,12291
DA:158,12291
BRDA:158,0,0,4096
BRDA:158,0,1,8195
DA:162,8195
DA:164,8195
DA:166,8195
DA:168,8195
BRDA:168,1,0,4096
BRDA:168,1,1,4099
DA:171,4099
DA:172,4099
FN:194,Borrower.liquidate
FNDA:45081,Borrower.liquidate
DA:195,45081
DA:197,45081
BRDA:197,2,0,4096
BRDA:197,2,1,40985
DA:198,40985
DA:200,40985
DA:201,40985
DA:202,40985
DA:203,40985
DA:206,40985
DA:207,40985
DA:209,40985
DA:211,40985
DA:213,40985
DA:221,40985
BRDA:221,3,0,12296
BRDA:221,3,1,28689
DA:231,28689
DA:232,28689
DA:235,28689
DA:236,28689
DA:239,28689
DA:242,28689
DA:245,28689
DA:246,28689
DA:247,28689
DA:249,28689
DA:252,28689
BRDA:252,4,0,-
BRDA:252,4,1,4096
DA:253,16390
DA:254,16390
BRDA:254,5,0,3
BRDA:254,5,1,16387
DA:256,16387
DA:257,16387
BRDA:257,6,0,4096
BRDA:257,6,1,8195
DA:261,12291
DA:263,12291
DA:264,12291
DA:266,8195
DA:271,4096
DA:273,4096
DA:274,4096
DA:276,4096
DA:280,24590
DA:281,24590
DA:283,24590
DA:284,16394
FN:299,Borrower.modify
FNDA:28707,Borrower.modify
DA:300,28707
DA:302,28707
BRDA:302,7,0,-
BRDA:302,7,1,28707
DA:304,28707
DA:306,28707
DA:309,28707
DA:312,28707
DA:314,28707
DA:315,28707
BRDA:315,8,0,-
BRDA:315,8,1,28706
DA:316,28706
DA:317,28706
DA:319,28706
BRDA:319,9,0,-
BRDA:319,9,1,28706
DA:324,28706
DA:325,28706
BRDA:325,10,0,-
BRDA:325,10,1,28706
FN:338,Borrower.uniswapV3MintCallback
FNDA:4,Borrower.uniswapV3MintCallback
DA:339,4
BRDA:339,11,0,-
BRDA:339,11,1,4
DA:341,4
BRDA:341,12,0,4
BRDA:341,12,1,4
DA:342,4
BRDA:342,13,0,4
BRDA:342,13,1,4
FN:358,Borrower.uniswapDeposit
FNDA:4,Borrower.uniswapDeposit
DA:363,4
FN:380,Borrower.uniswapWithdraw
FNDA:1,Borrower.uniswapWithdraw
DA:386,1
FN:396,Borrower.transfer
FNDA:12293,Borrower.transfer
DA:397,12293
BRDA:397,14,0,8197
BRDA:397,14,1,12293
DA:398,12293
BRDA:398,15,0,4097
BRDA:398,15,1,12293
FN:410,Borrower.borrow
FNDA:16406,Borrower.borrow
DA:411,16406
BRDA:411,16,0,-
BRDA:411,16,1,12298
DA:412,16406
BRDA:412,17,0,-
BRDA:412,17,1,8208
FN:424,Borrower.repay
FNDA:1,Borrower.repay
DA:425,1
FN:432,Borrower.withdrawAnte
FNDA:0,Borrower.withdrawAnte
DA:434,0
FN:444,Borrower.rescue
FNDA:0,Borrower.rescue
DA:446,0
FN:453,Borrower.getUniswapPositions
FNDA:2,Borrower.getUniswapPositions
DA:454,2
FN:466,Borrower.getPrices
FNDA:12292,Borrower.getPrices
DA:467,61472
DA:468,61472
FN:471,Borrower._getPrices
FNDA:90178,Borrower._getPrices
DA:476,90178
DA:477,90178
DA:479,90178
DA:481,90178
FN:490,Borrower._getAssets
FNDA:77886,Borrower._getAssets
DA:491,77886
DA:492,77886
DA:494,77886
DA:495,77886
DA:497,77886
DA:499,8
DA:500,8
DA:502,8
DA:504,8
BRDA:504,18,0,-
BRDA:504,18,1,8
DA:507,8
DA:508,8
DA:511,8
DA:512,8
DA:515,8
DA:516,8
DA:517,8
DA:519,8
BRDA:519,19,0,4
BRDA:519,19,1,4
DA:522,4
FN:527,Borrower._getLiabilities
FNDA:77887,Borrower._getLiabilities
DA:528,77887
DA:529,77887
FN:536,Borrower._uniswapWithdraw
FNDA:5,Borrower._uniswapWithdraw
DA:542,5
DA:543,5
FN:546,Borrower._repay
FNDA:24591,Borrower._repay
DA:547,24591
BRDA:547,20,0,-
BRDA:547,20,1,12300
DA:548,12300
DA:549,12300
DA:551,24591
BRDA:551,21,0,-
BRDA:551,21,1,8201
DA:552,8201
DA:553,8201
FNF:19
FNH:17
LF:109
LH:107
BRF:44
BRH:33
end_of_record
TN:
SF:src/Factory.sol
FN:157,Factory.pause
FNDA:0,Factory.pause
DA:158,0
DA:159,0
BRDA:159,0,0,-
BRDA:159,0,1,-
DA:162,0
FN:170,Factory.createMarket
FNDA:7,Factory.createMarket
DA:171,7
DA:173,7
DA:174,7
DA:177,7
DA:178,7
DA:179,6
DA:180,6
DA:183,6
DA:184,6
DA:185,6
DA:188,6
DA:189,6
DA:190,6
DA:204,6
FN:207,Factory.createBorrower
FNDA:2,Factory.createBorrower
DA:208,2
DA:210,2
DA:216,2
DA:218,2
DA:219,2
DA:221,2
FN:228,Factory.claimRewards
FNDA:4,Factory.claimRewards
DA:231,4
BRDA:231,1,0,1
BRDA:231,1,1,3
DA:234,3
DA:235,3
DA:237,6
BRDA:237,2,0,1
BRDA:237,2,1,5
DA:238,5
DA:242,2
FN:254,Factory.enrollCourier
FNDA:67703,Factory.enrollCourier
DA:258,67703
BRDA:258,3,0,14447
BRDA:258,3,1,53256
DA:260,53256
BRDA:260,4,0,8192
BRDA:260,4,1,45064
DA:262,45064
DA:263,45064
DA:265,45064
FN:272,Factory.governRewardsToken
FNDA:1,Factory.governRewardsToken
DA:273,1
BRDA:273,5,0,-
BRDA:273,5,1,1
DA:274,1
FN:277,Factory.governRewardsRate
FNDA:28672,Factory.governRewardsRate
DA:278,28672
BRDA:278,6,0,4096
BRDA:278,6,1,24576
DA:279,24576
FN:282,Factory.governMarketConfig
FNDA:0,Factory.governMarketConfig
DA:283,0
BRDA:283,7,0,-
BRDA:283,7,1,-
DA:285,0
BRDA:285,8,0,-
BRDA:285,8,1,-
DA:302,0
FN:305,Factory._setMarketConfig
FNDA:6,Factory._setMarketConfig
DA:306,6
DA:313,6
DA:314,6
DA:315,6
DA:317,6
FN:320,Factory._newBorrower
FNDA:6,Factory._newBorrower
DA:321,6
DA:324,6
BRDA:324,9,0,-
BRDA:324,9,1,6
DA:325,6
FN:330,BorrowerDeployer.deploy
FNDA:6,BorrowerDeployer.deploy
DA:336,6
FNF:11
FNH:9
LF:50
LH:44
BRF:20
BRH:12
end_of_record
TN:
SF:src/Ledger.sol
FN:95,Ledger.supportsInterface
FNDA:0,Ledger.supportsInterface
DA:96,0
DA:97,0
DA:98,0
DA:99,0
FN:103,Ledger.name
FNDA:0,Ledger.name
DA:104,0
FN:108,Ledger.symbol
FNDA:5,Ledger.symbol
DA:109,5
FN:113,Ledger.decimals
FNDA:5,Ledger.decimals
DA:114,5
FN:118,Ledger.asset
FNDA:1194,Ledger.asset
DA:119,146376
FN:123,Ledger.peer
FNDA:0,Ledger.peer
DA:124,0
FN:128,Ledger.DOMAIN_SEPARATOR
FNDA:12292,Ledger.DOMAIN_SEPARATOR
DA:129,20484
DA:130,20484
FN:147,Ledger.stats
FNDA:0,Ledger.stats
DA:148,0
DA:151,0
FN:161,Ledger.rewardsRate
FNDA:8192,Ledger.rewardsRate
DA:162,8192
FN:166,Ledger.rewardsOf
FNDA:106496,Ledger.rewardsOf
DA:167,106496
DA:168,106496
FN:172,Ledger.courierOf
FNDA:24558,Ledger.courierOf
DA:173,24558
FN:177,Ledger.principleOf
FNDA:16362,Ledger.principleOf
DA:178,16362
FN:182,Ledger.balanceOf
FNDA:201997,Ledger.balanceOf
DA:183,341261
FN:193,Ledger.underlyingBalance
FNDA:36841,Ledger.underlyingBalance
DA:194,36841
DA:195,36841
FN:203,Ledger.underlyingBalanceStored
FNDA:16385,Ledger.underlyingBalanceStored
DA:205,16385
DA:206,16385
DA:208,16385
FN:216,Ledger.borrowBalance
FNDA:55172,Ledger.borrowBalance
DA:217,55172
DA:219,55172
DA:221,55172
FN:226,Ledger.borrowBalanceStored
FNDA:159870,Ledger.borrowBalanceStored
DA:227,159870
DA:230,159870
FN:243,Ledger.totalAssets
FNDA:13618,Ledger.totalAssets
DA:244,13618
DA:245,13618
FN:248,Ledger.convertToShares
FNDA:4236,Ledger.convertToShares
DA:249,12532
DA:250,12532
FN:253,Ledger.convertToAssets
FNDA:12416,Ledger.convertToAssets
DA:254,12978
DA:255,12978
FN:258,Ledger.previewDeposit
FNDA:8296,Ledger.previewDeposit
DA:259,8296
FN:262,Ledger.previewMint
FNDA:48,Ledger.previewMint
DA:263,144
DA:264,144
FN:267,Ledger.previewRedeem
FNDA:283,Ledger.previewRedeem
DA:268,283
FN:271,Ledger.previewWithdraw
FNDA:230,Ledger.previewWithdraw
DA:272,744
DA:273,744
FN:288,Ledger.maxDeposit
FNDA:104,Ledger.maxDeposit
DA:289,104
FN:300,Ledger.maxMint
FNDA:48,Ledger.maxMint
DA:301,48
FN:310,Ledger.maxRedeem
FNDA:4470,Ledger.maxRedeem
DA:311,21134
DA:313,21134
DA:314,21134
DA:316,21134
FN:325,Ledger.maxWithdraw
FNDA:279,Ledger.maxWithdraw
DA:326,279
FN:337,Ledger._previewInterest
FNDA:311199,Ledger._previewInterest
DA:340,311199
BRDA:340,0,0,-
BRDA:340,0,1,311199
DA:342,311199
DA:343,311199
DA:345,311199
BRDA:345,1,0,302943
BRDA:345,1,1,8256
DA:346,302943
DA:350,8256
DA:351,8256
DA:356,8256
DA:357,8256
DA:359,8256
DA:360,8256
DA:365,8256
FN:369,Ledger._convertToShares
FNDA:116656,Ledger._convertToShares
DA:375,116656
BRDA:375,2,0,69989
BRDA:375,2,1,46667
DA:376,46667
FN:379,Ledger._convertToAssets
FNDA:87658,Ledger._convertToAssets
DA:385,87658
BRDA:385,3,0,514
BRDA:385,3,1,87144
DA:386,87144
FN:390,Ledger._nominalShares
FNDA:74360,Ledger._nominalShares
DA:396,74360
DA:397,74360
DA:399,74360
DA:400,74360
BRDA:400,4,0,-
BRDA:400,4,1,3763
DA:401,8182
DA:402,8182
DA:404,8182
BRDA:404,5,0,-
BRDA:404,5,1,3763
DA:405,3763
DA:407,3763
DA:408,3763
FN:414,Ledger._getCache
FNDA:153163,Ledger._getCache
DA:415,153163
FNF:33
FNH:29
LF:75
LH:67
BRF:12
BRH:9
end_of_record
TN:
SF:src/Lender.sol
FN:53,Lender.initialize
FNDA:69,Lender.initialize
DA:54,69
BRDA:54,0,0,2
BRDA:54,0,1,67
DA:55,67
DA:56,67
FN:60,Lender.setRateModelAndReserveFactor
FNDA:67,Lender.setRateModelAndReserveFactor
DA:61,67
BRDA:61,1,0,-
BRDA:61,1,1,67
DA:62,67
DA:63,67
FN:72,Lender.setRewardsRate
FNDA:24576,Lender.setRewardsRate
DA:73,24576
BRDA:73,2,0,-
BRDA:73,2,1,24576
DA:74,24576
FN:78,Lender.whitelist
FNDA:16404,Lender.whitelist
DA:82,16404
BRDA:82,3,0,8192
BRDA:82,3,1,8212
DA:87,8212
FN:94,Lender.claimRewards
FNDA:36864,Lender.claimRewards
DA:96,36864
BRDA:96,4,0,4096
BRDA:96,4,1,32768
DA:98,32768
DA:99,32768
FN:115,Lender.deposit
FNDA:32771,Lender.deposit
DA:116,86358
BRDA:116,5,0,12294
BRDA:116,5,1,20477
DA:117,32771
DA:119,32771
BRDA:119,6,0,12294
BRDA:119,6,1,20477
DA:133,74064
DA:136,74064
DA:137,74064
BRDA:137,7,0,471
BRDA:137,7,1,73593
DA:140,73593
DA:142,73593
DA:145,73593
DA:148,73593
DA:149,73593
DA:150,73593
BRDA:150,8,0,4334
BRDA:150,8,1,69349
DA:151,4334
DA:154,69349
FN:157,Lender.deposit
FNDA:53491,Lender.deposit
DA:158,53491
FN:161,Lender.mint
FNDA:96,Lender.mint
DA:162,96
DA:163,96
FN:177,Lender.redeem
FNDA:21005,Lender.redeem
DA:178,21422
BRDA:178,9,0,16385
BRDA:178,9,1,21422
DA:180,21422
BRDA:180,10,0,477
BRDA:180,10,1,367
DA:181,479
DA:182,479
BRDA:182,11,0,477
BRDA:182,11,1,367
DA:186,21310
DA:189,21310
DA:190,21252
BRDA:190,12,0,692
BRDA:190,12,1,20560
DA:193,20560
DA:195,20483
DA:198,20483
DA:201,20483
DA:203,20483
FN:206,Lender.withdraw
FNDA:514,Lender.withdraw
DA:207,514
DA:208,417
FN:216,Lender.borrow
FNDA:42096,Lender.borrow
DA:217,42096
DA:218,42096
BRDA:218,13,0,4096
BRDA:218,13,1,38000
DA:221,38000
DA:225,38000
DA:228,38000
DA:230,38000
DA:232,38000
DA:235,30594
DA:238,30594
DA:240,30594
FN:257,Lender.repay
FNDA:20502,Lender.repay
DA:258,20502
DA:261,20502
DA:265,20502
DA:266,20502
BRDA:266,14,0,-
BRDA:266,14,1,-
DA:267,0
DA:269,0
DA:270,0
BRDA:270,15,0,-
BRDA:270,15,1,-
DA:274,20502
DA:275,20502
DA:278,20502
DA:281,20502
DA:284,20502
BRDA:284,16,0,-
BRDA:284,16,1,20502
DA:286,20502
FN:295,Lender.flash
FNDA:0,Lender.flash
DA:297,0
DA:298,0
BRDA:298,17,0,-
BRDA:298,17,1,-
DA:299,0
DA:301,0
DA:303,0
DA:304,0
DA:305,0
DA:306,0
BRDA:306,18,0,-
BRDA:306,18,1,-
DA:308,0
FN:311,Lender.accrueInterest
FNDA:4160,Lender.accrueInterest
DA:312,4160
DA:313,4160
DA:314,4159
FN:321,Lender.approve
FNDA:32964,Lender.approve
DA:322,32964
DA:324,32964
DA:326,32964
FN:329,Lender.transfer
FNDA:35521,Lender.transfer
DA:330,35521
DA:332,20480
FN:335,Lender.transferFrom
FNDA:24760,Lender.transferFrom
DA:336,24760
DA:337,24760
BRDA:337,19,0,17578
BRDA:337,19,1,20021
DA:339,20021
DA:341,16384
FN:348,Lender.permit
FNDA:12288,Lender.permit
DA:357,12288
BRDA:357,20,0,4096
BRDA:357,20,1,8192
DA:362,8192
DA:386,8192
BRDA:386,21,0,4096
BRDA:386,21,1,4096
DA:388,4096
DA:391,4096
FN:399,Lender._transfer
FNDA:55542,Lender._transfer
DA:400,55542
DA:409,55542
DA:411,55542
DA:412,55542
BRDA:412,22,0,14588
BRDA:412,22,1,40954
DA:413,40954
DA:415,40954
DA:417,40954
DA:418,40954
BRDA:418,23,0,4090
BRDA:418,23,1,36864
DA:419,36864
DA:421,36864
DA:424,36864
FN:428,Lender._mint
FNDA:77573,Lender._mint
DA:436,77573
DA:445,77573
DA:448,77573
DA:449,77573
DA:450,77573
DA:453,77573
BRDA:453,24,0,65240
BRDA:453,24,1,77573
DA:454,65240
DA:455,65240
DA:459,77573
BRDA:459,25,0,-
BRDA:459,25,1,24564
DA:460,24564
BRDA:460,26,0,-
BRDA:460,26,1,24564
DA:461,24564
DA:466,77573
DA:469,77573
FN:473,Lender._burn
FNDA:20560,Lender._burn
DA:481,20560
DA:489,20560
DA:490,20560
DA:493,20560
DA:494,20560
DA:495,20560
DA:497,20560
DA:498,20560
BRDA:498,27,0,-
BRDA:498,27,1,4093
DA:499,4093
DA:500,4093
DA:502,4093
BRDA:502,28,0,-
BRDA:502,28,1,3764
DA:503,3764
DA:507,3764
DA:508,3764
DA:511,3764
DA:520,3764
DA:521,3764
DA:522,3764
DA:526,4093
DA:529,20560
BRDA:529,29,0,77
BRDA:529,29,1,20483
DA:530,20483
DA:533,20483
FN:536,Lender._load
FNDA:158036,Lender._load
DA:537,158036
DA:540,158036
DA:541,158036
DA:544,158036
BRDA:544,30,0,3980
BRDA:544,30,1,158036
DA:545,3980
FN:549,Lender._save
FNDA:149332,Lender._save
DA:551,149332
BRDA:551,31,0,55255
BRDA:551,31,1,149331
DA:552,55255
DA:553,55255
DA:556,149331
DA:557,149331
DA:558,149331
FNF:23
FNH:22
LF:150
LH:138
BRF:64
BRH:49
end_of_record
TN:
SF:src/RateModel.sol
FN:38,SafeRateLib.getAccrualFactor
FNDA:0,SafeRateLib.getAccrualFactor
DA:39,0
DA:44,0
DA:47,0
DA:50,0
FN:53,SafeRateLib._computeAccrualFactor
FNDA:0,SafeRateLib._computeAccrualFactor
DA:54,0
BRDA:54,0,0,-
BRDA:54,0,1,-
DA:55,0
BRDA:55,1,0,-
BRDA:55,1,1,-
DA:58,0
FN:28,RateModel.getYieldPerSecond
FNDA:28711,RateModel.getYieldPerSecond
DA:30,28711
FNF:3
FNH:1
LF:8
LH:1
BRF:4
BRH:0
end_of_record
TN:
SF:src/VolatilityOracle.sol
FN:36,VolatilityOracle.prepare
FNDA:9,VolatilityOracle.prepare
DA:37,9
DA:39,9
BRDA:39,0,0,-
BRDA:39,0,1,8
DA:40,8
DA:41,8
FN:45,VolatilityOracle.update
FNDA:2,VolatilityOracle.update
DA:48,2
DA:49,2
BRDA:49,1,0,-
BRDA:49,1,1,2
DA:52,2
DA:56,2
BRDA:56,2,0,-
BRDA:56,2,1,2
DA:57,0
DA:61,2
DA:62,2
DA:65,2
DA:66,2
DA:67,2
DA:70,2
DA:73,2
BRDA:72,3,0,2
BRDA:72,3,1,2
DA:80,2
DA:82,2
BRDA:82,4,0,-
BRDA:82,4,1,2
DA:83,2
BRDA:83,5,0,2
BRDA:83,5,1,2
DA:87,2
DA:88,2
DA:89,2
DA:91,2
DA:92,2
FN:96,VolatilityOracle.consult
FNDA:1,VolatilityOracle.consult
DA:97,1
DA:98,1
FN:101,VolatilityOracle._getPoolMetadata
FNDA:9,VolatilityOracle._getPoolMetadata
DA:102,9
DA:106,9
BRDA:106,6,0,-
BRDA:106,6,1,9
DA:111,9
DA:112,9
DA:113,9
DA:115,9
BRDA:115,7,0,-
BRDA:115,7,1,-
DA:116,9
BRDA:116,8,0,-
BRDA:116,8,1,-
DA:119,9
FN:122,VolatilityOracle._getFeeGrowthGlobalsNow
FNDA:10,VolatilityOracle._getFeeGrowthGlobalsNow
DA:123,10
DA:124,10
FN:131,VolatilityOracle._getFeeGrowthGlobalsOld
FNDA:2,VolatilityOracle._getFeeGrowthGlobalsOld
DA:135,2
DA:138,2
DA:139,2
BRDA:139,9,0,2
BRDA:139,9,1,-
DA:142,0
DA:143,0
DA:144,0
BRDA:144,10,0,-
BRDA:144,10,1,-
DA:147,0
FN:150,VolatilityOracle._binarySearch
FNDA:0,VolatilityOracle._binarySearch
DA:155,0
DA:156,0
DA:159,0
DA:160,0
DA:162,0
DA:164,0
DA:165,0
DA:167,0
BRDA:167,11,0,-
BRDA:167,11,1,-
DA:169,0
BRDA:169,12,0,-
BRDA:169,12,1,-
DA:170,0
DA:173,0
DA:174,0
DA:176,0
FN:180,VolatilityOracle._isInInterval
FNDA:2,VolatilityOracle._isInInterval
DA:181,2
FNF:8
FNH:7
LF:57
LH:39
BRF:26
BRH:10
end_of_record
TN:
SF:src/libraries/BalanceSheet.sol
FN:48,BalanceSheet.isHealthy
FNDA:4105,BalanceSheet.isHealthy
DA:56,4105
DA:59,4105
DA:65,4105
DA:66,4105
DA:67,4105
DA:69,4105
DA:70,4105
DA:71,4105
DA:72,4099
BRDA:72,0,0,-
BRDA:72,0,1,4099
DA:74,4099
DA:75,4099
DA:76,4099
DA:77,4087
BRDA:77,1,0,-
BRDA:77,1,1,4087
DA:79,4087
FN:94,BalanceSheet.computeProbePrices
FNDA:0,BalanceSheet.computeProbePrices
DA:103,0
DA:108,0
DA:110,0
DA:111,0
FN:125,BalanceSheet.computeLiquidationIncentive
FNDA:0,BalanceSheet.computeLiquidationIncentive
DA:133,0
BRDA:133,2,0,-
BRDA:133,2,1,-
DA:135,0
DA:138,0
DA:141,0
BRDA:141,3,0,-
BRDA:141,3,1,-
DA:143,0
DA:146,0
FN:152,BalanceSheet._manipulationThreshold
FNDA:0,BalanceSheet._manipulationThreshold
DA:154,0
FN:163,BalanceSheet._ltv
FNDA:0,BalanceSheet._ltv
DA:165,0
FNF:5
FNH:1
LF:26
LH:14
BRF:8
BRH:2
end_of_record
TN:
SF:src/libraries/LiquidityAmounts.sol
FN:21,LiquidityAmounts.getAmountsForLiquidity
FNDA:8,LiquidityAmounts.getAmountsForLiquidity
DA:27,8
BRDA:27,0,0,-
BRDA:27,0,1,8
DA:29,8
BRDA:29,1,0,-
BRDA:29,1,1,8
DA:30,0
DA:31,8
BRDA:31,2,0,-
BRDA:31,2,1,8
DA:32,0
DA:33,0
DA:35,8
FN:47,LiquidityAmounts.getValuesOfLiquidity
FNDA:16,LiquidityAmounts.getValuesOfLiquidity
DA:53,16
BRDA:53,3,0,-
BRDA:53,3,1,16
DA:56,16
BRDA:56,4,0,8
BRDA:56,4,1,8
DA:57,8
DA:58,8
DA:64,8
DA:65,8
BRDA:65,5,0,-
BRDA:65,5,1,8
DA:66,0
DA:68,0
DA:69,0
DA:71,8
FN:83,LiquidityAmounts.getValueOfLiquidity
FNDA:16,LiquidityAmounts.getValueOfLiquidity
DA:89,16
DA:91,16
FN:100,LiquidityAmounts._getAmount0ForLiquidity
FNDA:0,LiquidityAmounts._getAmount0ForLiquidity
DA:105,0
FN:113,LiquidityAmounts._getAmount1ForLiquidity
FNDA:8,LiquidityAmounts._getAmount1ForLiquidity
DA:118,8
FNF:5
FNH:4
LF:21
LH:14
BRF:12
BRH:7
end_of_record
TN:
SF:src/libraries/Oracle.sol
FN:42,Oracle.consult
FNDA:90181,Oracle.consult
DA:43,90181
DA:44,90181
DA:45,90181
DA:48,90181
DA:49,90181
DA:51,90181
BRDA:51,0,0,-
BRDA:51,0,1,90145
DA:52,90145
DA:53,90145
DA:54,90145
DA:55,90145
DA:56,90145
DA:58,36
DA:66,36
DA:74,36
DA:84,90181
DA:89,90181
DA:90,90181
DA:93,90181
DA:95,90181
DA:98,90181
DA:100,90181
DA:135,90181
FN:161,Oracle.observe
FNDA:108,Oracle.observe
DA:170,108
DA:171,108
DA:173,108
DA:174,108
BRDA:174,1,0,4
BRDA:174,1,1,104
DA:175,4
DA:178,104
BRDA:178,2,0,-
BRDA:178,2,1,32
DA:179,32
DA:180,32
DA:181,32
DA:187,72
DA:188,72
DA:190,72
BRDA:190,3,0,-
BRDA:190,3,1,72
DA:191,72
DA:192,72
DA:194,72
DA:200,0
DA:203,0
FN:215,Oracle.getMaxSecondsAgo
FNDA:9,Oracle.getMaxSecondsAgo
DA:220,9
BRDA:220,4,0,-
BRDA:220,4,1,9
DA:223,9
DA:229,9
BRDA:229,5,0,-
BRDA:229,5,1,-
DA:230,0
DA:233,9
FNF:3
FNH:3
LF:44
LH:41
BRF:12
BRH:6
end_of_record
TN:
SF:src/libraries/Rewards.sol
FN:45,Rewards.setRate
FNDA:36869,Rewards.setRate
DA:46,36869
DA:47,36869
DA:50,36869
DA:51,36869
DA:52,36869
DA:55,36869
DA:56,36869
FN:59,Rewards.claim
FNDA:32769,Rewards.claim
DA:65,32769
DA:67,32769
DA:68,32769
DA:70,32769
DA:71,32769
FN:82,Rewards.updatePoolState
FNDA:163674,Rewards.updatePoolState
DA:83,163674
FN:95,Rewards.updateUserState
FNDA:257876,Rewards.updateUserState
DA:96,257876
FN:99,Rewards.previewPoolState
FNDA:163674,Rewards.previewPoolState
DA:105,163674
DA:107,163674
DA:108,163674
DA:109,163674
FN:114,Rewards.previewUserState
FNDA:474968,Rewards.previewUserState
DA:121,474968
DA:123,474968
DA:124,474968
FN:128,Rewards.getRate
FNDA:8192,Rewards.getRate
DA:129,8192
FN:134,Rewards.load
FNDA:452708,Rewards.load
DA:135,452708
DA:136,452708
FN:140,Rewards._accumulate
FNDA:489577,Rewards._accumulate
DA:142,489577
DA:143,489577
FN:148,Rewards._getStorage
FNDA:497769,Rewards._getStorage
DA:149,497769
DA:151,497769
FNF:10
FNH:10
LF:28
LH:28
BRF:0
BRH:0
end_of_record
TN:
SF:src/libraries/TickMath.sol
FN:33,TickMath.getSqrtRatioAtTick
FNDA:90194,TickMath.getSqrtRatioAtTick
DA:35,90194
DA:36,90194
DA:40,90194
DA:48,90194
DA:51,90194
BRDA:51,0,0,-
DA:64,90194
DA:66,90194
DA:81,90194
BRDA:81,1,0,-
BRDA:81,1,1,90194
DA:82,90194
BRDA:82,2,0,8
BRDA:82,2,1,90194
DA:83,90194
BRDA:83,3,0,90178
BRDA:83,3,1,90194
DA:84,90194
BRDA:84,4,0,16
BRDA:84,4,1,90194
DA:85,90194
BRDA:85,5,0,-
BRDA:85,5,1,90194
DA:86,90194
BRDA:86,6,0,8
BRDA:86,6,1,90194
DA:87,90194
BRDA:87,7,0,-
BRDA:87,7,1,90194
DA:88,90194
BRDA:88,8,0,16
BRDA:88,8,1,90194
DA:89,90194
BRDA:89,9,0,90194
BRDA:89,9,1,90194
DA:90,90194
BRDA:90,10,0,90194
BRDA:90,10,1,90194
DA:91,90194
BRDA:91,11,0,90178
BRDA:91,11,1,90194
DA:92,90194
BRDA:92,12,0,-
BRDA:92,12,1,90194
DA:93,90194
BRDA:93,13,0,90194
BRDA:93,13,1,90194
DA:94,90194
BRDA:94,14,0,90178
BRDA:94,14,1,90194
DA:95,90194
BRDA:95,15,0,90178
BRDA:95,15,1,90194
DA:96,90194
BRDA:96,16,0,90194
BRDA:96,16,1,90194
DA:97,90194
BRDA:97,17,0,90178
BRDA:97,17,1,90194
DA:98,90194
BRDA:98,18,0,-
BRDA:98,18,1,90194
DA:99,90194
BRDA:99,19,0,90178
BRDA:99,19,1,90194
DA:103,90194
BRDA:103,20,0,-
DA:104,0
DA:112,90194
FN:124,TickMath.getTickAtSqrtRatio
FNDA:90178,TickMath.getTickAtSqrtRatio
DA:129,90178
BRDA:129,21,0,-
DA:143,90178
DA:145,90178
DA:147,90178
DA:150,90178
DA:152,90178
DA:153,90178
DA:155,90178
DA:156,90178
DA:157,90178
DA:158,90178
DA:160,90178
DA:161,90178
DA:162,90178
DA:163,90178
DA:165,90178
DA:166,90178
DA:167,90178
DA:168,90178
DA:170,90178
DA:171,90178
DA:172,90178
DA:173,90178
DA:175,90178
DA:176,90178
DA:177,90178
DA:178,90178
DA:180,90178
DA:181,90178
DA:182,90178
DA:183,90178
DA:185,90178
DA:186,90178
DA:187,90178
DA:188,90178
DA:190,90178
DA:191,90178
DA:192,90178
DA:193,90178
DA:195,90178
DA:196,90178
DA:197,90178
DA:198,90178
DA:200,90178
DA:201,90178
DA:202,90178
DA:203,90178
DA:205,90178
DA:206,90178
DA:207,90178
DA:208,90178
DA:210,90178
DA:211,90178
DA:212,90178
DA:213,90178
DA:215,90178
DA:216,90178
DA:217,90178
DA:221,90178
DA:223,90178
DA:224,90178
DA:227,90178
BRDA:227,22,0,90178
BRDA:227,22,1,90178
DA:228,90178
DA:230,90178
FN:241,TickMath.floor
FNDA:0,TickMath.floor
DA:242,0
DA:245,0
BRDA:245,23,0,-
BRDA:245,23,1,-
DA:246,0
FN:255,TickMath.ceil
FNDA:0,TickMath.ceil
DA:256,0
DA:259,0
BRDA:259,24,0,-
BRDA:259,24,1,-
DA:260,0
FNF:4
FNH:2
LF:99
LH:92
BRF:47
BRH:35
end_of_record
TN:
SF:src/libraries/Volatility.sol
FN:44,Volatility.estimate
FNDA:2,Volatility.estimate
DA:51,2
DA:54,2
BRDA:54,0,0,-
BRDA:54,0,1,2
DA:56,2
DA:63,2
DA:73,2
DA:75,2
BRDA:75,1,0,-
BRDA:75,1,1,2
DA:79,2
FN:89,Volatility.amount0ToAmount1
FNDA:2,Volatility.amount0ToAmount1
DA:90,2
DA:91,2
FN:103,Volatility.computeRevenueGamma
FNDA:4,Volatility.computeRevenueGamma
DA:111,4
DA:113,4
BRDA:113,2,0,4
BRDA:113,2,1,-
DA:115,4
DA:118,0
DA:121,4
FN:132,Volatility.computeTickTvl
FNDA:2,Volatility.computeTickTvl
DA:139,2
DA:141,2
FN:159,Volatility._getValueOfLiquidity
FNDA:2,Volatility._getValueOfLiquidity
DA:165,2
BRDA:165,3,0,-
BRDA:165,3,1,2
DA:168,2
DA:170,2
FNF:5
FNH:5
LF:19
LH:18
BRF:8
BRH:4
end_of_record
TN:
SF:test/Borrower.t.sol
FN:30,ReenteringManager.callback
FNDA:0,ReenteringManager.callback
DA:31,0
DA:32,0
BRDA:32,0,0,-
BRDA:32,0,1,-
DA:33,0
FNF:1
FNH:0
LF:3
LH:0
BRF:2
BRH:0
end_of_record
TN:
SF:test/RateModel.t.sol
FN:10,EvilRateModel.getYieldPerSecond
FNDA:3253,EvilRateModel.getYieldPerSecond
DA:11,3253
DA:13,3253
BRDA:13,0,0,1236
BRDA:13,0,1,2017
DA:14,2017
BRDA:14,1,0,2494149
BRDA:14,1,1,-
DA:16,2494149
DA:18,0
DA:20,1030
FNF:1
FNH:1
LF:6
LH:5
BRF:4
BRH:3
end_of_record
TN:
SF:test/Utils.sol
FN:45,Router.deposit
FNDA:0,Router.deposit
DA:46,0
DA:47,0
FN:34,FactoryForLenderTests.deploySingleLender
FNDA:51,FactoryForLenderTests.deploySingleLender
DA:35,51
DA:36,51
DA:38,51
DA:39,51
DA:40,51
FN:52,VolatilityOracleMock.prepare
FNDA:0,VolatilityOracleMock.prepare
FN:54,VolatilityOracleMock.consult
FNDA:90178,VolatilityOracleMock.consult
DA:55,90178
DA:56,90178
FNF:4
FNH:2
LF:9
LH:7
BRF:0
BRH:0
end_of_record
TN:
SF:test/invariants/ERC4626Invariants.t.sol
FN:32,ERC4626InvariantsTest.setUp
FNDA:4,ERC4626InvariantsTest.setUp
DA:34,4
DA:35,4
DA:36,4
DA:40,4
DA:41,4
DA:42,4
DA:44,4
DA:45,4
DA:47,4
DA:50,4
DA:51,4
DA:52,4
DA:53,4
DA:54,4
DA:55,4
DA:56,4
DA:57,4
DA:60,4
FN:68,ERC4626InvariantsTest.invariant_thingsThatShouldntChangeDontChange
FNDA:0,ERC4626InvariantsTest.invariant_thingsThatShouldntChangeDontChange
DA:69,0
DA:76,0
DA:77,0
DA:78,0
DA:79,0
FN:82,ERC4626InvariantsTest.invariant_conversionsAreInverses
FNDA:0,ERC4626InvariantsTest.invariant_conversionsAreInverses
DA:84,0
DA:87,0
DA:88,0
FN:91,ERC4626InvariantsTest.invariant_totalSupplyEqualsSumOfBalances
FNDA:0,ERC4626InvariantsTest.invariant_totalSupplyEqualsSumOfBalances
DA:92,0
DA:93,0
DA:94,0
DA:95,0
DA:97,0
FN:100,ERC4626InvariantsTest.invariant_maxRedeemLessThanBalance
FNDA:0,ERC4626InvariantsTest.invariant_maxRedeemLessThanBalance
DA:101,0
DA:102,0
DA:103,0
DA:105,0
FNF:5
FNH:1
LF:35
LH:18
BRF:0
BRH:0
end_of_record
TN:
SF:test/libraries/BalanceSheet.t.sol
FN:22,LibraryWrapper.isHealthy
FNDA:4105,LibraryWrapper.isHealthy
DA:28,4105
FNF:1
FNH:1
LF:1
LH:1
BRF:0
BRH:0
end_of_record
TN:
SF:test/libraries/Rewards.t.sol
FN:22,MockERC20Rewards.setRate
FNDA:12293,MockERC20Rewards.setRate
DA:23,12293
FN:26,MockERC20Rewards.transfer
FNDA:8192,MockERC20Rewards.transfer
DA:27,8192
DA:28,8192
DA:29,8192
DA:31,8192
FN:34,MockERC20Rewards.transferFrom
FNDA:0,MockERC20Rewards.transferFrom
DA:35,0
DA:36,0
DA:37,0
DA:39,0
FN:42,MockERC20Rewards.mint
FNDA:32773,MockERC20Rewards.mint
DA:43,32773
DA:44,32773
DA:45,32773
DA:47,32773
FN:50,MockERC20Rewards.burn
FNDA:32768,MockERC20Rewards.burn
DA:51,32768
DA:52,32768
DA:53,32768
DA:55,32768
FN:58,MockERC20Rewards.claim
FNDA:1,MockERC20Rewards.claim
DA:59,1
DA:60,1
FN:63,MockERC20Rewards.rewards
FNDA:77827,MockERC20Rewards.rewards
DA:64,77827
DA:65,77827
FN:68,MockERC20Rewards.rewardsRate
FNDA:4,MockERC20Rewards.rewardsRate
DA:69,4
DA:70,4
FN:73,MockERC20Rewards.rewardsAccumulator
FNDA:8204,MockERC20Rewards.rewardsAccumulator
DA:74,8204
FN:77,MockERC20Rewards.log2TotalSupply
FNDA:0,MockERC20Rewards.log2TotalSupply
DA:78,0
DA:79,0
FNF:10
FNH:8
LF:26
LH:20
BRF:0
BRH:0
end_of_record
